  Matrix.cpp
c:\users\mathi\documents\github\ml\machinelearningengine\machinelearningengine\matrix.cpp(91): warning C4018: '<': signed/unsigned mismatch
c:\users\mathi\documents\github\ml\machinelearningengine\machinelearningengine\matrix.cpp(92): warning C4244: 'argument': conversion from 'double' to '_Ty', possible loss of data
          with
          [
              _Ty=int
          ]
c:\users\mathi\documents\github\ml\machinelearningengine\machinelearningengine\matrix.cpp(106): warning C4018: '<': signed/unsigned mismatch
c:\users\mathi\documents\github\ml\machinelearningengine\machinelearningengine\matrix.cpp(147): warning C4018: '<': signed/unsigned mismatch
c:\users\mathi\documents\github\ml\machinelearningengine\machinelearningengine\matrix.cpp(148): warning C4244: 'argument': conversion from 'double' to '_Ty', possible loss of data
          with
          [
              _Ty=int
          ]
c:\users\mathi\documents\github\ml\machinelearningengine\machinelearningengine\matrix.cpp(163): warning C4018: '<': signed/unsigned mismatch
c:\users\mathi\documents\github\ml\machinelearningengine\machinelearningengine\matrix.cpp(179): warning C4018: '<': signed/unsigned mismatch
c:\users\mathi\documents\github\ml\machinelearningengine\machinelearningengine\matrix.cpp(238): warning C4018: '<': signed/unsigned mismatch
c:\users\mathi\documents\github\ml\machinelearningengine\machinelearningengine\matrix.cpp(239): warning C4018: '<': signed/unsigned mismatch
c:\users\mathi\documents\github\ml\machinelearningengine\machinelearningengine\matrix.cpp(240): warning C4244: 'argument': conversion from 'double' to 'int', possible loss of data
c:\users\mathi\documents\github\ml\machinelearningengine\machinelearningengine\matrix.cpp(272): warning C4018: '<': signed/unsigned mismatch
c:\users\mathi\documents\github\ml\machinelearningengine\machinelearningengine\matrix.cpp(273): warning C4018: '<': signed/unsigned mismatch
c:\users\mathi\documents\github\ml\machinelearningengine\machinelearningengine\matrix.cpp(274): warning C4244: 'argument': conversion from 'double' to 'int', possible loss of data
c:\users\mathi\documents\github\ml\machinelearningengine\machinelearningengine\matrix.cpp(306): warning C4018: '<': signed/unsigned mismatch
c:\users\mathi\documents\github\ml\machinelearningengine\machinelearningengine\matrix.cpp(317): warning C4018: '<': signed/unsigned mismatch
c:\users\mathi\documents\github\ml\machinelearningengine\machinelearningengine\matrix.cpp(328): warning C4018: '<': signed/unsigned mismatch
c:\users\mathi\documents\github\ml\machinelearningengine\machinelearningengine\matrix.cpp(339): warning C4018: '<': signed/unsigned mismatch
c:\users\mathi\documents\github\ml\machinelearningengine\machinelearningengine\matrix.cpp(362): warning C4018: '<': signed/unsigned mismatch
c:\users\mathi\documents\github\ml\machinelearningengine\machinelearningengine\matrix.cpp(363): warning C4018: '<': signed/unsigned mismatch
c:\users\mathi\documents\github\ml\machinelearningengine\machinelearningengine\matrix.cpp(389): warning C4018: '<': signed/unsigned mismatch
c:\users\mathi\documents\github\ml\machinelearningengine\machinelearningengine\matrix.cpp(391): warning C4018: '<': signed/unsigned mismatch
c:\users\mathi\documents\github\ml\machinelearningengine\machinelearningengine\matrix.cpp(397): warning C4018: '<': signed/unsigned mismatch
c:\users\mathi\documents\github\ml\machinelearningengine\machinelearningengine\matrix.cpp(399): warning C4018: '<': signed/unsigned mismatch
c:\users\mathi\documents\github\ml\machinelearningengine\machinelearningengine\matrix.cpp(438): warning C4018: '<': signed/unsigned mismatch
c:\users\mathi\documents\github\ml\machinelearningengine\machinelearningengine\matrix.cpp(439): warning C4018: '<': signed/unsigned mismatch
c:\users\mathi\documents\github\ml\machinelearningengine\machinelearningengine\matrix.cpp(469): warning C4018: '<': signed/unsigned mismatch
c:\users\mathi\documents\github\ml\machinelearningengine\machinelearningengine\matrix.cpp(470): warning C4018: '<': signed/unsigned mismatch
c:\users\mathi\documents\github\ml\machinelearningengine\machinelearningengine\matrix.cpp(480): warning C4018: '<': signed/unsigned mismatch
c:\users\mathi\documents\github\ml\machinelearningengine\machinelearningengine\matrix.cpp(481): warning C4018: '<': signed/unsigned mismatch
c:\users\mathi\documents\github\ml\machinelearningengine\machinelearningengine\matrix.cpp(487): warning C4018: '<': signed/unsigned mismatch
c:\users\mathi\documents\github\ml\machinelearningengine\machinelearningengine\matrix.cpp(488): warning C4018: '<': signed/unsigned mismatch
c:\users\mathi\documents\github\ml\machinelearningengine\machinelearningengine\matrix.cpp(496): warning C4018: '<': signed/unsigned mismatch
c:\users\mathi\documents\github\ml\machinelearningengine\machinelearningengine\matrix.cpp(497): warning C4018: '<': signed/unsigned mismatch
c:\users\mathi\documents\github\ml\machinelearningengine\machinelearningengine\matrix.cpp(503): warning C4018: '<': signed/unsigned mismatch
c:\users\mathi\documents\github\ml\machinelearningengine\machinelearningengine\matrix.cpp(504): warning C4018: '<': signed/unsigned mismatch
c:\users\mathi\documents\github\ml\machinelearningengine\machinelearningengine\matrix.cpp(525): warning C4018: '<': signed/unsigned mismatch
c:\users\mathi\documents\github\ml\machinelearningengine\machinelearningengine\matrix.cpp(526): warning C4018: '<': signed/unsigned mismatch
c:\users\mathi\documents\github\ml\machinelearningengine\machinelearningengine\matrix.cpp(534): warning C4018: '<': signed/unsigned mismatch
c:\users\mathi\documents\github\ml\machinelearningengine\machinelearningengine\matrix.cpp(535): warning C4018: '<': signed/unsigned mismatch
c:\users\mathi\documents\github\ml\machinelearningengine\machinelearningengine\matrix.cpp(545): warning C4018: '<': signed/unsigned mismatch
c:\users\mathi\documents\github\ml\machinelearningengine\machinelearningengine\matrix.cpp(546): warning C4018: '<': signed/unsigned mismatch
c:\users\mathi\documents\github\ml\machinelearningengine\machinelearningengine\matrix.cpp(554): warning C4018: '<': signed/unsigned mismatch
c:\users\mathi\documents\github\ml\machinelearningengine\machinelearningengine\matrix.cpp(555): warning C4018: '<': signed/unsigned mismatch
c:\users\mathi\documents\github\ml\machinelearningengine\machinelearningengine\matrix.cpp(596): warning C4018: '<': signed/unsigned mismatch
c:\users\mathi\documents\github\ml\machinelearningengine\machinelearningengine\matrix.cpp(609): warning C4018: '<': signed/unsigned mismatch
c:\users\mathi\documents\github\ml\machinelearningengine\machinelearningengine\matrix.cpp(620): warning C4018: '<': signed/unsigned mismatch
c:\users\mathi\documents\github\ml\machinelearningengine\machinelearningengine\matrix.cpp(658): warning C4018: '<': signed/unsigned mismatch
c:\users\mathi\documents\github\ml\machinelearningengine\machinelearningengine\matrix.cpp(659): warning C4244: 'argument': conversion from 'double' to '_Ty', possible loss of data
          with
          [
              _Ty=int
          ]
c:\users\mathi\documents\github\ml\machinelearningengine\machinelearningengine\matrix.cpp(666): warning C4018: '<': signed/unsigned mismatch
c:\users\mathi\documents\github\ml\machinelearningengine\machinelearningengine\matrix.cpp(691): warning C4018: '<': signed/unsigned mismatch
c:\users\mathi\documents\github\ml\machinelearningengine\machinelearningengine\matrix.cpp(692): warning C4018: '<': signed/unsigned mismatch
c:\users\mathi\documents\github\ml\machinelearningengine\machinelearningengine\matrix.cpp(700): warning C4018: '<': signed/unsigned mismatch
c:\users\mathi\documents\github\ml\machinelearningengine\machinelearningengine\matrix.cpp(708): warning C4018: '<': signed/unsigned mismatch
c:\users\mathi\documents\github\ml\machinelearningengine\machinelearningengine\matrix.cpp(709): warning C4018: '<': signed/unsigned mismatch
c:\users\mathi\documents\github\ml\machinelearningengine\machinelearningengine\matrix.cpp(716): warning C4018: '<': signed/unsigned mismatch
c:\users\mathi\documents\github\ml\machinelearningengine\machinelearningengine\matrix.cpp(717): warning C4018: '<': signed/unsigned mismatch
c:\users\mathi\documents\github\ml\machinelearningengine\machinelearningengine\matrix.cpp(723): warning C4018: '<': signed/unsigned mismatch
c:\users\mathi\documents\github\ml\machinelearningengine\machinelearningengine\matrix.cpp(724): warning C4018: '<': signed/unsigned mismatch
c:\users\mathi\documents\github\ml\machinelearningengine\machinelearningengine\matrix.cpp(731): warning C4018: '<': signed/unsigned mismatch
c:\users\mathi\documents\github\ml\machinelearningengine\machinelearningengine\matrix.cpp(732): warning C4018: '<': signed/unsigned mismatch
c:\users\mathi\documents\github\ml\machinelearningengine\machinelearningengine\matrix.cpp(742): warning C4018: '<': signed/unsigned mismatch
c:\users\mathi\documents\github\ml\machinelearningengine\machinelearningengine\matrix.cpp(743): warning C4018: '<': signed/unsigned mismatch
c:\users\mathi\documents\github\ml\machinelearningengine\machinelearningengine\matrix.cpp(761): warning C4018: '<': signed/unsigned mismatch
c:\users\mathi\documents\github\ml\machinelearningengine\machinelearningengine\matrix.cpp(798): warning C4018: '<': signed/unsigned mismatch
c:\users\mathi\documents\github\ml\machinelearningengine\machinelearningengine\matrix.cpp(839): warning C4018: '<': signed/unsigned mismatch
c:\users\mathi\documents\github\ml\machinelearningengine\machinelearningengine\matrix.cpp(840): warning C4018: '<': signed/unsigned mismatch
c:\users\mathi\documents\github\ml\machinelearningengine\machinelearningengine\matrix.cpp(850): warning C4018: '<': signed/unsigned mismatch
c:\users\mathi\documents\github\ml\machinelearningengine\machinelearningengine\matrix.cpp(851): warning C4018: '<': signed/unsigned mismatch
c:\users\mathi\documents\github\ml\machinelearningengine\machinelearningengine\matrix.cpp(862): warning C4018: '<': signed/unsigned mismatch
c:\users\mathi\documents\github\ml\machinelearningengine\machinelearningengine\matrix.cpp(863): warning C4018: '<': signed/unsigned mismatch
  MachineLearningEngine.vcxproj -> C:\Users\mathi\Documents\GitHub\ML\MachineLearningEngine\Debug\MachineLearningEngine.exe
